\BOOKMARK [1][-]{section.1}{\376\377\000I\000n\000t\000r\000o\000d\000u\000c\000t\000i\000o\000n}{}% 1
\BOOKMARK [1][-]{section.2}{\376\377\000T\000h\000e\000\040\000T\000h\000e\000o\000r\000y\000\040\000o\000f\000\040\000P\000o\000i\000n\000t\000e\000d\000\040\000G\000r\000a\000p\000h\000s}{}% 2
\BOOKMARK [2][-]{subsection.2.1}{\376\377\000S\000e\000t\000s\000\040\000a\000s\000\040\000P\000o\000i\000n\000t\000e\000d\000\040\000G\000r\000a\000p\000h\000s}{section.2}% 3
\BOOKMARK [2][-]{subsection.2.2}{\376\377\000S\000e\000t\000\040\000T\000h\000e\000o\000r\000i\000e\000s}{section.2}% 4
\BOOKMARK [1][-]{section.3}{\376\377\000T\000h\000e\000\040\000L\000a\000n\000g\000u\000a\000g\000e\000\040\000o\000f\000\040\000P\000o\000i\000n\000t\000e\000d\000\040\000G\000r\000a\000p\000h\000s}{}% 5
\BOOKMARK [2][-]{subsection.3.1}{\376\377\000S\000o\000r\000t\000s}{section.3}% 6
\BOOKMARK [2][-]{subsection.3.2}{\376\377\000S\000i\000g\000n\000a\000t\000u\000r\000e}{section.3}% 7
\BOOKMARK [2][-]{subsection.3.3}{\376\377\000F\000r\000o\000m\000\040\000D\000e\000d\000u\000c\000t\000i\000o\000n\000\040\000m\000o\000d\000u\000l\000o\000\040\000t\000h\000e\000o\000r\000y\000\040\000t\000o\000\040\000-\000c\000a\000l\000c\000u\000l\000u\000s\000\040\000m\000o\000d\000u\000l\000o\000\040\000t\000h\000e\000o\000r\000y}{section.3}% 8
\BOOKMARK [2][-]{subsection.3.4}{\376\377\000R\000e\000w\000r\000i\000t\000i\000n\000g\000\040\000R\000u\000l\000e\000s}{section.3}% 9
\BOOKMARK [1][-]{section.4}{\376\377\000T\000h\000e\000\040\000L\000a\000n\000g\000u\000a\000g\000e\000\040\000o\000f\000\040\000F\000o\000r\000m\000u\000l\000a\000s}{}% 10
\BOOKMARK [2][-]{subsection.4.1}{\376\377\000F\000o\000r\000m\000u\000l\000a\000s}{section.4}% 11
\BOOKMARK [2][-]{subsection.4.2}{\376\377\000I\000n\000t\000e\000r\000p\000r\000e\000t\000a\000t\000i\000o\000n}{section.4}% 12
\BOOKMARK [2][-]{subsection.4.3}{\376\377\000R\000e\000s\000u\000l\000t\000s\000\040\000c\000o\000n\000c\000e\000r\000n\000i\000n\000g\000\040\000V\000a\000l\000u\000a\000t\000i\000o\000n}{section.4}% 13
\BOOKMARK [2][-]{subsection.4.4}{\376\377\000C\000o\000m\000p\000r\000e\000h\000e\000n\000s\000i\000o\000n\000,\000\040\000E\000m\000p\000t\000y\000\040\000S\000e\000t\000\040\000a\000n\000d\000\040\000I\000n\000d\000u\000c\000t\000i\000v\000e\000\040\000S\000e\000t}{section.4}% 14
\BOOKMARK [1][-]{section.5}{\376\377\000L\000e\000m\000m\000a\000s}{}% 15
\BOOKMARK [2][-]{subsection.5.1}{\376\377\000A\000n\000\040\000E\000x\000a\000m\000p\000l\000e\000\040\000o\000f\000\040\000P\000r\000o\000o\000f}{section.5}% 16
\BOOKMARK [2][-]{subsection.5.2}{\376\377\000L\000e\000m\000m\000a\000s\000\040\000i\000n\000v\000o\000l\000v\000i\000n\000g\000\040\000F\000o\000r\000m\000u\000l\000a\000s}{section.5}% 17
\BOOKMARK [2][-]{subsection.5.3}{\376\377\000W\000e\000a\000k\000\040\000E\000x\000t\000e\000n\000s\000i\000o\000n\000n\000a\000l\000i\000t\000y}{section.5}% 18
\BOOKMARK [2][-]{subsection.5.4}{\376\377\000T\000h\000e\000\040\000A\000x\000i\000o\000m\000s\000\040\000o\000f\000\040\000I\000Z\000s\000t\000\040\000T\000h\000e\000o\000r\000y}{section.5}% 19
\BOOKMARK [1][-]{section.6}{\376\377\000C\000o\000n\000c\000l\000u\000s\000i\000o\000n}{}% 20
